<?xml version="1.0" encoding="UTF-8" ?>
<testsuite failures="0" time="0.473" errors="0" skipped="0" tests="22" name="com.tommytony.war.spec.volumes.ZoneVolumeSpecTest">
  <properties>
[...]
</properties>
  <testcase time="0.338" classname="com.tommytony.war.spec.volumes.ZoneVolumeSpecTest" name="setNorthwest_whenCreating_AndNoCorner1IsSet_ButCorner2Set_AndNewCornerBlockIsTooFarFromCorner2_shouldThrowTooBigException"/>
  <testcase time="0.002" classname="com.tommytony.war.spec.volumes.ZoneVolumeSpecTest" name="setNorthwest_whenCreating_AndNoCorner1IsSet_ButCorner2Set_AndNewCornerBlockIsTooCloseToCorner2_shouldThrowTooSmallException"/>
  <testcase time="0.003" classname="com.tommytony.war.spec.volumes.ZoneVolumeSpecTest" name="setNorthwest_whenCreating_AndCorner1AlreadySet_ButNewCornerBlockIsEastOfCorner1_shouldThrowNotNorthwestException"/>
  <testcase time="0.003" classname="com.tommytony.war.spec.volumes.ZoneVolumeSpecTest" name="setNorthwest_whenCreating_AndCorner1AlreadySet_ButNewCornerBlockIsSouthOfCorner1_shouldThrowNotNorthwestException"/>
  <testcase time="0.003" classname="com.tommytony.war.spec.volumes.ZoneVolumeSpecTest" name="setSoutheast_whenCreating_AndCorner2AlreadySet_ButNewCornerBlockIsToWestOfCorner2_shouldThrowNotSoutheastException"/>
  <testcase time="0.002" classname="com.tommytony.war.spec.volumes.ZoneVolumeSpecTest" name="setSoutheast_whenCreating_AndCorner2AlreadySet_ButNewCornerBlockIsToNorthOfCorner2_shouldThrowNotSoutheastException"/>
  <testcase time="0.003" classname="com.tommytony.war.spec.volumes.ZoneVolumeSpecTest" name="setNorthwest_whenCreating_AndNoCorner1IsSet_ButCorner2Set_AndNewCornerBlockIsToEastOfCorner2_shouldThrowNotNorthwestException"/>
  <testcase time="0.003" classname="com.tommytony.war.spec.volumes.ZoneVolumeSpecTest" name="setNorthwest_whenCreating_AndNoCorner1IsSet_ButCorner2Set_AndNewCornerBlockIsToSouthOfCorner2_shouldThrowNotNorthwestException"/>
  <testcase time="0.003" classname="com.tommytony.war.spec.volumes.ZoneVolumeSpecTest" name="setSoutheast_whenCreatingAndNoCorner2IsSet_ButCorner1IsAlreadySet_AndNewCornerBlockIsToWestOfCorner1_shouldThrowNotSoutheastException"/>
  <testcase time="0.004" classname="com.tommytony.war.spec.volumes.ZoneVolumeSpecTest" name="setSoutheast_whenCreatingAndNoCorner2IsSet_ButCorner1IsAlreadySet_AndNewCornerBlockIsToNorthOfCorner1_shouldThrowNotSoutheastException"/>
  <testcase time="0.004" classname="com.tommytony.war.spec.volumes.ZoneVolumeSpecTest" name="setNorthwest_whenCreatingAndNoCornersAreSet_shouldSetCorner1AtTop"/>
  <testcase time="0.004" classname="com.tommytony.war.spec.volumes.ZoneVolumeSpecTest" name="setNorthwest_whenCreatingAndCorner1AlreadySet_shouldSetCorner2AtTop"/>
  <testcase time="0.004" classname="com.tommytony.war.spec.volumes.ZoneVolumeSpecTest" name="setNorthwest_whenChangingVolumeWithCorner1NwCorner2Se_shouldMoveCorner1"/>
  <testcase time="0.005" classname="com.tommytony.war.spec.volumes.ZoneVolumeSpecTest" name="setNorthwest_whenChangingVolumeWithCorner1SeCorner2Nw_shouldMoveCorner2"/>
  <testcase time="0.003" classname="com.tommytony.war.spec.volumes.ZoneVolumeSpecTest" name="setSoutheast_whenCreatingAndNoCornersAreSet_shouldSetCorner2AtBottom"/>
  <testcase time="0.006" classname="com.tommytony.war.spec.volumes.ZoneVolumeSpecTest" name="setSoutheast_whenCreatingAndCorner2AlreadySet_shouldSetCorner1AtBottom"/>
  <testcase time="0.004" classname="com.tommytony.war.spec.volumes.ZoneVolumeSpecTest" name="setSoutheast_whenChangingVolumeWithCorner1NwCorner2Se_shouldMoveCorner2"/>
  <testcase time="0.004" classname="com.tommytony.war.spec.volumes.ZoneVolumeSpecTest" name="setSoutheast_whenChangingVolumeWithCorner1SeCorner2Nw_shouldMoveCorner1"/>
  <testcase time="0.003" classname="com.tommytony.war.spec.volumes.ZoneVolumeSpecTest" name="setNorthwest_whenChangingVolumeWithCorner1NeCorner2Sw_shouldMoveCorner1XAndCorner2Z"/>
  <testcase time="0.004" classname="com.tommytony.war.spec.volumes.ZoneVolumeSpecTest" name="setNorthwest_whenChangingVolumeWithCorner1SwCorner2Ne_shouldMoveCorner1ZAndCorner2X"/>
  <testcase time="0.003" classname="com.tommytony.war.spec.volumes.ZoneVolumeSpecTest" name="setSoutheast_whenChangingVolumeWithCorner1NeCorner2Sw_shouldMoveCorner1ZAndCorner2X"/>
  <testcase time="0.003" classname="com.tommytony.war.spec.volumes.ZoneVolumeSpecTest" name="setSoutheast_whenChangingVolumeWithCorner1SwCorner2Ne_shouldMoveCorner1XAndCorner2Z"/>
</testsuite>